
> auto-tool-frontend@0.1.0 dev
> vite --host 127.0.0.1 --port 5173 --host 127.0.0.1 --port 5173


  [32m[1mVITE[22m v7.3.3[39m  [2mready in [0m[1m375[22m[2m[0m ms[22m

  [32m➜[39m  [1mLocal[22m:   [36mhttp://127.0.0.1:[1m5173[22m/[39m
[2m9:32:56 AM[22m [36m[1m[vite][22m[39m [90m[2m(client)[22m[39m [32mhmr update [39m[2m/src/index.css[22m
[2m9:32:56 AM[22m [36m[1m[vite][22m[39m [90m[2m(client)[22m[39m [32mhmr update [39m[2m/src/index.css[22m
[2m9:33:05 AM[22m [36m[1m[vite][22m[39m [90m[2m(client)[22m[39m [32mhmr update [39m[2m/src/index.css[22m
[2m9:36:55 AM[22m [36m[1m[vite][22m[39m [90m[2m(client)[22m[39m [32mhmr update [39m[2m/src/App.tsx, /src/index.css[22m
[2m9:38:23 AM[22m [36m[1m[vite][22m[39m [90m[2m(client)[22m[39m [32mhmr update [39m[2m/src/pages/DouyinReupPage.tsx, /src/index.css[22m
[2m9:38:43 AM[22m [36m[1m[vite][22m[39m [90m[2m(client)[22m[39m [32mhmr update [39m[2m/src/pages/DouyinReupPage.tsx, /src/index.css[22m
[2m9:39:01 AM[22m [36m[1m[vite][22m[39m [90m[2m(client)[22m[39m [32mhmr update [39m[2m/src/pages/DouyinReupPage.tsx, /src/index.css[22m
[2m9:39:11 AM[22m [36m[1m[vite][22m[39m [90m[2m(client)[22m[39m [32mhmr update [39m[2m/src/pages/DouyinReupPage.tsx, /src/index.css[22m
[2m9:39:37 AM[22m [36m[1m[vite][22m[39m [90m[2m(client)[22m[39m [32mhmr update [39m[2m/src/pages/DouyinReupPage.tsx, /src/index.css[22m
[2m9:43:36 AM[22m [36m[1m[vite][22m[39m [90m[2m(client)[22m[39m [32mhmr update [39m[2m/src/index.css, /src/components/ApiErrorBox.tsx[22m
[2m9:43:36 AM[22m [36m[1m[vite][22m[39m [90m[2m(client)[22m[39m [32mhmr update [39m[2m/src/pages/DouyinReupPage.tsx, /src/index.css[22m
[2m9:44:48 AM[22m [36m[1m[vite][22m[39m [90m[2m(client)[22m[39m [32mhmr update [39m[2m/src/index.css, /src/components/ResultList.tsx[22m
[2m9:47:45 AM[22m [36m[1m[vite][22m[39m [90m[2m(client)[22m[39m [32mhmr update [39m[2m/src/pages/DouyinReupPage.tsx, /src/index.css[22m
[2m9:48:49 AM[22m [36m[1m[vite][22m[39m [90m[2m(client)[22m[39m [32mhmr update [39m[2m/src/pages/SubtitleReviewPage.tsx, /src/index.css[22m
[2m9:49:13 AM[22m [36m[1m[vite][22m[39m [90m[2m(client)[22m[39m [32mhmr update [39m[2m/src/pages/SubtitleReviewPage.tsx, /src/index.css[22m
[2m9:50:36 AM[22m [36m[1m[vite][22m[39m [90m[2m(client)[22m[39m [32mhmr update [39m[2m/src/pages/AppSettingsPage.tsx, /src/index.css[22m
[2m9:50:36 AM[22m [36m[1m[vite][22m[39m [90m[2m(client)[22m[39m [32mhmr update [39m[2m/src/pages/DouyinReupPage.tsx, /src/index.css[22m
[2m9:51:47 AM[22m [36m[1m[vite][22m[39m [90m[2m(client)[22m[39m [32m✨ new dependencies optimized: [33mlucide-react[32m[39m
[2m9:51:47 AM[22m [36m[1m[vite][22m[39m [90m[2m(client)[22m[39m [32m✨ optimized dependencies changed. reloading[39m
[2m9:55:45 AM[22m [36m[1m[vite][22m[39m [90m[2m(client)[22m[39m [32mhmr update [39m[2m/src/pages/DouyinReupPage.tsx, /src/index.css[22m
[2m9:56:55 AM[22m [36m[1m[vite][22m[39m [90m[2m(client)[22m[39m [32mhmr update [39m[2m/src/index.css[22m
[2m9:56:55 AM[22m [36m[1m[vite][22m[39m [90m[2m(client)[22m[39m [32mhmr update [39m[2m/src/pages/SubtitleReviewPage.tsx, /src/index.css[22m
[2m9:57:33 AM[22m [36m[1m[vite][22m[39m [90m[2m(client)[22m[39m [32mhmr update [39m[2m/src/pages/SubtitleReviewPage.tsx, /src/index.css[22m
[2m10:01:33 AM[22m [36m[1m[vite][22m[39m [90m[2m(client)[22m[39m [32mhmr update [39m[2m/src/pages/DashboardPage.tsx, /src/index.css[22m
[2m10:01:33 AM[22m [36m[1m[vite][22m[39m [90m[2m(client)[22m[39m [32mhmr update [39m[2m/src/pages/ResultsPage.tsx, /src/index.css[22m
[2m10:01:33 AM[22m [36m[1m[vite][22m[39m [90m[2m(client)[22m[39m [32mhmr update [39m[2m/src/pages/ResultPage.tsx, /src/index.css[22m
[2m10:01:41 AM[22m [36m[1m[vite][22m[39m [90m[2m(client)[22m[39m [32mhmr update [39m[2m/src/pages/DashboardPage.tsx, /src/index.css[22m
[2m10:02:21 AM[22m [36m[1m[vite][22m[39m [90m[2m(client)[22m[39m [32mhmr update [39m[2m/src/index.css, /src/components/ResultList.tsx[22m
[2m10:28:35 AM[22m [36m[1m[vite][22m[39m [90m[2m(client)[22m[39m [32mhmr update [39m[2m/src/pages/SubtitleReviewPage.tsx, /src/index.css[22m
[2m10:29:25 AM[22m [36m[1m[vite][22m[39m [90m[2m(client)[22m[39m [32mhmr update [39m[2m/src/index.css[22m
[2m10:45:09 AM[22m [36m[1m[vite][22m[39m [90m[2m(client)[22m[39m [32mhmr update [39m[2m/src/components/subtitle/SubtitleReviewToolbar.tsx, /src/index.css[22m
[2m10:47:52 AM[22m [36m[1m[vite][22m[39m [90m[2m(client)[22m[39m [32mhmr update [39m[2m/src/components/subtitle/SubtitleReviewToolbar.tsx, /src/index.css[22m
[2m10:49:26 AM[22m [36m[1m[vite][22m[39m [90m[2m(client)[22m[39m [32mhmr update [39m[2m/src/components/subtitle/SubtitleReviewToolbar.tsx, /src/index.css[22m
[2m10:53:16 AM[22m [36m[1m[vite][22m[39m [90m[2m(client)[22m[39m [32mhmr update [39m[2m/src/index.css[22m
[2m10:53:16 AM[22m [36m[1m[vite][22m[39m [90m[2m(client)[22m[39m [32mhmr update [39m[2m/src/components/subtitle/SubtitleLineList.tsx, /src/index.css[22m
[2m11:20:41 AM[22m [36m[1m[vite][22m[39m [90m[2m(client)[22m[39m [32mhmr update [39m[2m/src/pages/ResultPage.tsx, /src/index.css[22m
[2m11:20:41 AM[22m [36m[1m[vite][22m[39m [90m[2m(client)[22m[39m [32mhmr update [39m[2m/src/pages/ResultsPage.tsx, /src/index.css[22m
[2m11:21:27 AM[22m [36m[1m[vite][22m[39m [90m[2m(client)[22m[39m [32mhmr update [39m[2m/src/pages/ResultPage.tsx, /src/components/results/ResultTechnicalLogDrawer.tsx, /src/components/results/ResultVideoPreviewModal.tsx, /src/components/results/ResultVideoCard.tsx, /src/components/results/ResultStatusBadges.tsx, /src/index.css[22m
[2m11:21:27 AM[22m [36m[1m[vite][22m[39m [90m[2m(client)[22m[39m [32mhmr update [39m[2m/src/pages/ResultPage.tsx, /src/index.css[22m
[2m11:21:27 AM[22m [36m[1m[vite][22m[39m [90m[2m(client)[22m[39m [32mhmr update [39m[2m/src/components/results/ResultTechnicalLogDrawer.tsx, /src/index.css[22m
[2m11:21:27 AM[22m [36m[1m[vite][22m[39m [90m[2m(client)[22m[39m [32mhmr update [39m[2m/src/pages/ResultPage.tsx, /src/index.css[22m
[2m11:21:27 AM[22m [36m[1m[vite][22m[39m [90m[2m(client)[22m[39m [32mhmr update [39m[2m/src/pages/ResultsPage.tsx, /src/index.css[22m
[2m11:22:26 AM[22m [36m[1m[vite][22m[39m [90m[2m(client)[22m[39m [32mhmr update [39m[2m/src/pages/ResultPage.tsx, /src/index.css[22m
[2m11:29:33 AM[22m [36m[1m[vite][22m[39m [90m[2m(client)[22m[39m [32mhmr update [39m[2m/src/pages/ResultPage.tsx, /src/index.css[22m
[2m1:07:00 PM[22m [36m[1m[vite][22m[39m [90m[2m(client)[22m[39m [32mhmr update [39m[2m/src/pages/DouyinReupPage.tsx, /src/index.css[22m
[2m1:08:09 PM[22m [36m[1m[vite][22m[39m [90m[2m(client)[22m[39m [32mhmr update [39m[2m/src/pages/DouyinReupPage.tsx, /src/index.css[22m
[2m1:08:42 PM[22m [36m[1m[vite][22m[39m [90m[2m(client)[22m[39m [32mhmr update [39m[2m/src/pages/DouyinReupPage.tsx, /src/index.css[22m
[2m1:08:54 PM[22m [36m[1m[vite][22m[39m [90m[2m(client)[22m[39m [32mhmr update [39m[2m/src/pages/DouyinReupPage.tsx, /src/index.css[22m
[2m1:09:25 PM[22m [36m[1m[vite][22m[39m [90m[2m(client)[22m[39m [32mhmr update [39m[2m/src/pages/DouyinReupPage.tsx, /src/index.css[22m
[2m1:09:37 PM[22m [36m[1m[vite][22m[39m [90m[2m(client)[22m[39m [32mhmr update [39m[2m/src/pages/DouyinReupPage.tsx, /src/index.css[22m
[2m1:09:51 PM[22m [36m[1m[vite][22m[39m [90m[2m(client)[22m[39m [32mhmr update [39m[2m/src/pages/DouyinReupPage.tsx, /src/index.css[22m
[2m1:10:07 PM[22m [36m[1m[vite][22m[39m [90m[2m(client)[22m[39m [32mhmr update [39m[2m/src/pages/DouyinReupPage.tsx, /src/index.css[22m
[2m1:11:09 PM[22m [36m[1m[vite][22m[39m [90m[2m(client)[22m[39m [32mhmr update [39m[2m/src/pages/DouyinReupPage.tsx, /src/index.css[22m
[2m1:12:36 PM[22m [36m[1m[vite][22m[39m [90m[2m(client)[22m[39m [32mhmr update [39m[2m/src/pages/DouyinReupPage.tsx, /src/index.css[22m
[2m1:13:51 PM[22m [36m[1m[vite][22m[39m [90m[2m(client)[22m[39m [32mhmr update [39m[2m/src/pages/DouyinReupPage.tsx, /src/index.css[22m
[2m1:14:06 PM[22m [36m[1m[vite][22m[39m [90m[2m(client)[22m[39m [32mhmr update [39m[2m/src/App.tsx, /src/index.css[22m
[2m1:14:45 PM[22m [36m[1m[vite][22m[39m [90m[2m(client)[22m[39m [32mhmr update [39m[2m/src/pages/DouyinReupPage.tsx, /src/index.css[22m
[2m1:14:53 PM[22m [36m[1m[vite][22m[39m [90m[2m(client)[22m[39m [32mhmr update [39m[2m/src/pages/DouyinReupPage.tsx, /src/index.css[22m
[2m1:17:32 PM[22m [36m[1m[vite][22m[39m [90m[2m(client)[22m[39m [32mhmr update [39m[2m/src/index.css, /src/components/start-workflow/StartPresetCard.tsx[22m
[2m1:18:32 PM[22m [36m[1m[vite][22m[39m [90m[2m(client)[22m[39m [32mhmr update [39m[2m/src/pages/DouyinReupPage.tsx, /src/index.css[22m
[2m1:23:15 PM[22m [36m[1m[vite][22m[39m [90m[2m(client)[22m[39m [32mhmr update [39m[2m/src/pages/DouyinReupPage.tsx, /src/index.css[22m
[2m1:23:38 PM[22m [36m[1m[vite][22m[39m [90m[2m(client)[22m[39m [32mhmr update [39m[2m/src/pages/DouyinReupPage.tsx, /src/index.css[22m
[2m1:25:10 PM[22m [36m[1m[vite][22m[39m [90m[2m(client)[22m[39m [32mhmr update [39m[2m/src/pages/DouyinReupPage.tsx, /src/index.css[22m
[2m1:25:24 PM[22m [36m[1m[vite][22m[39m [90m[2m(client)[22m[39m [32mhmr update [39m[2m/src/pages/DouyinReupPage.tsx, /src/index.css[22m
[2m1:31:48 PM[22m [36m[1m[vite][22m[39m [90m[2m(client)[22m[39m [32mhmr update [39m[2m/src/pages/DouyinReupPage.tsx, /src/index.css[22m
[2m1:40:23 PM[22m [36m[1m[vite][22m[39m [90m[2m(client)[22m[39m [32mhmr update [39m[2m/src/index.css[22m
[2m1:47:22 PM[22m [36m[1m[vite][22m[39m [90m[2m(client)[22m[39m [32mhmr update [39m[2m/src/index.css, /src/components/glass/GlassModal.tsx[22m
[2m1:47:36 PM[22m [36m[1m[vite][22m[39m [90m[2m(client)[22m[39m [32mpage reload [39m[2msrc/components/glass/GlassModal.tsx[22m
[2m1:47:42 PM[22m [36m[1m[vite][22m[39m [90m[2m(client)[22m[39m [32mhmr update [39m[2m/src/components/glass/GlassErrorState.tsx, /src/index.css[22m
[2m1:48:02 PM[22m [36m[1m[vite][22m[39m [90m[2m(client)[22m[39m [32mpage reload [39m[2msrc/components/glass/GlassErrorState.tsx[22m
[2m1:49:41 PM[22m [36m[1m[vite][22m[39m [90m[2m(client)[22m[39m [32mhmr update [39m[2m/src/pages/DashboardPage.tsx, /src/index.css[22m
[2m1:50:08 PM[22m [36m[1m[vite][22m[39m [90m[2m(client)[22m[39m [32mpage reload [39m[2msrc/pages/DashboardPage.tsx[22m
[2m1:50:14 PM[22m [36m[1m[vite][22m[39m [90m[2m(client)[22m[39m [32mhmr update [39m[2m/src/components/studio/StudioSidebar.tsx, /src/index.css[22m
[2m1:50:41 PM[22m [36m[1m[vite][22m[39m [90m[2m(client)[22m[39m [32mpage reload [39m[2msrc/components/studio/StudioSidebar.tsx[22m
[2m1:50:46 PM[22m [36m[1m[vite][22m[39m [90m[2m(client)[22m[39m [32mhmr update [39m[2m/src/components/studio/StudioTopBar.tsx, /src/index.css[22m
[2m1:51:03 PM[22m [36m[1m[vite][22m[39m [90m[2m(client)[22m[39m [32mpage reload [39m[2msrc/components/studio/StudioTopBar.tsx[22m
[2m1:51:19 PM[22m [36m[1m[vite][22m[39m [90m[2m(client)[22m[39m [32mhmr update [39m[2m/src/layouts/StudioLayout.tsx, /src/index.css[22m
[2m1:52:01 PM[22m [36m[1m[vite][22m[39m [90m[2m(client)[22m[39m [32mpage reload [39m[2msrc/layouts/StudioLayout.tsx[22m
[2m1:52:12 PM[22m [36m[1m[vite][22m[39m [90m[2m(client)[22m[39m [32mhmr update [39m[2m/src/App.tsx, /src/index.css[22m
[2m1:52:22 PM[22m [36m[1m[vite][22m[39m [90m[2m(client)[22m[39m [32mhmr update [39m[2m/src/App.tsx, /src/index.css[22m
[2m3:21:33 PM[22m [36m[1m[vite][22m[39m [90m[2m(client)[22m[39m [32mhmr update [39m[2m/src/index.css, /src/pages/DouyinReupPage.tsx[22m
[2m3:21:41 PM[22m [36m[1m[vite][22m[39m [90m[2m(client)[22m[39m [32mhmr update [39m[2m/src/index.css, /src/pages/DashboardPage.tsx, /src/layouts/StudioLayout.tsx, /src/pages/OnboardingPage.tsx, /src/pages/SettingsPage.tsx[22m
[2m3:21:54 PM[22m [36m[1m[vite][22m[39m [90m[2m(client)[22m[39m [32mhmr update [39m[2m/src/pages/ResultPage.tsx, /src/index.css[22m
[2m3:22:09 PM[22m [36m[1m[vite][22m[39m [90m[2m(client)[22m[39m [32mhmr update [39m[2m/src/pages/ResultPage.tsx, /src/components/results/ResultTechnicalLogDrawer.tsx, /src/components/results/ResultVideoPreviewModal.tsx, /src/components/results/ResultVideoCard.tsx, /src/components/results/ResultStatusBadges.tsx, /src/index.css[22m
[2m3:22:19 PM[22m [36m[1m[vite][22m[39m [90m[2m(client)[22m[39m [32mhmr update [39m[2m/src/index.css, /src/components/results/ResultStatusBadges.tsx[22m
[2m3:22:24 PM[22m [36m[1m[vite][22m[39m [90m[2m(client)[22m[39m [32mhmr update [39m[2m/src/components/results/ResultsFilterBar.tsx, /src/index.css[22m
[2m3:23:05 PM[22m [36m[1m[vite][22m[39m [90m[2m(client)[22m[39m [32mpage reload [39m[2msrc/components/results/ResultsFilterBar.tsx[22m
[2m3:23:12 PM[22m [36m[1m[vite][22m[39m [90m[2m(client)[22m[39m [32mhmr update [39m[2m/src/components/results/ExportPackPanel.tsx, /src/index.css[22m
[2m3:23:57 PM[22m [36m[1m[vite][22m[39m [90m[2m(client)[22m[39m [32mpage reload [39m[2msrc/components/results/ExportPackPanel.tsx[22m
[2m3:24:04 PM[22m [36m[1m[vite][22m[39m [90m[2m(client)[22m[39m [32mhmr update [39m[2m/src/components/results/ResultTechnicalLogDrawer.tsx, /src/index.css[22m
[2m3:24:39 PM[22m [36m[1m[vite][22m[39m [90m[2m(client)[22m[39m [32mpage reload [39m[2msrc/components/results/ResultTechnicalLogDrawer.tsx[22m
[2m3:25:14 PM[22m [36m[1m[vite][22m[39m [90m[2m(client)[22m[39m [32mhmr update [39m[2m/src/pages/ResultsPage.tsx, /src/index.css[22m
[2m3:25:42 PM[22m [36m[1m[vite][22m[39m [90m[2m(client)[22m[39m [32mpage reload [39m[2msrc/pages/ResultsPage.tsx[22m
[2m3:25:47 PM[22m [36m[1m[vite][22m[39m [90m[2m(client)[22m[39m [32mhmr update [39m[2m/src/index.css, /src/components/results/ExportPackCreatedCard.tsx[22m
[2m3:26:06 PM[22m [36m[1m[vite][22m[39m [90m[2m(client)[22m[39m [32mpage reload [39m[2msrc/components/results/ExportPackCreatedCard.tsx[22m
[2m3:26:12 PM[22m [36m[1m[vite][22m[39m [90m[2m(client)[22m[39m [32mhmr update [39m[2m/src/components/results/ResultVideoPreviewModal.tsx, /src/index.css[22m
[2m3:26:52 PM[22m [36m[1m[vite][22m[39m [90m[2m(client)[22m[39m [32mpage reload [39m[2msrc/components/results/ResultVideoPreviewModal.tsx[22m
[2m3:27:19 PM[22m [36m[1m[vite][22m[39m [90m[2m(client)[22m[39m [32mhmr update [39m[2m/src/pages/ResultPage.tsx, /src/components/results/ResultVideoCard.tsx, /src/components/results/ResultStatusBadges.tsx, /src/components/results/ResultTechnicalLogDrawer.tsx, /src/components/results/ResultVideoPreviewModal.tsx, /src/index.css[22m
[2m3:27:43 PM[22m [36m[1m[vite][22m[39m [90m[2m(client)[22m[39m [32mhmr update [39m[2m/src/index.css, /src/pages/ResultPage.tsx, /src/components/results/ResultVideoCard.tsx, /src/components/results/ResultStatusBadges.tsx, /src/components/results/ResultTechnicalLogDrawer.tsx, /src/components/results/ResultVideoPreviewModal.tsx[22m
[2m3:34:28 PM[22m [36m[1m[vite][22m[39m [90m[2m(client)[22m[39m [32mhmr update [39m[2m/src/pages/SubtitleReviewPage.tsx, /src/index.css[22m
[2m4:08:53 PM[22m [36m[1m[vite][22m[39m [90m[2m(client)[22m[39m [32mhmr update [39m[2m/src/index.css, /src/components/settings/SettingsLayout.tsx[22m
[2m4:08:53 PM[22m [36m[1m[vite][22m[39m [90m[2m(client)[22m[39m [32mhmr update [39m[2m/src/index.css, /src/pages/SettingsPage.tsx[22m
[2m4:08:53 PM[22m [36m[1m[vite][22m[39m [90m[2m(client)[22m[39m [32mhmr update [39m[2m/src/layouts/StudioLayout.tsx, /src/index.css[22m
[2m4:09:21 PM[22m [36m[1m[vite][22m[39m [90m[2m(client)[22m[39m [32mhmr update [39m[2m/src/pages/DouyinReupPage.tsx, /src/index.css[22m
[2m4:09:53 PM[22m [36m[1m[vite][22m[39m [90m[2m(client)[22m[39m [32mhmr update [39m[2m/src/components/results/ResultVideoGrid.tsx, /src/index.css[22m
[2m4:09:53 PM[22m [36m[1m[vite][22m[39m [90m[2m(client)[22m[39m [32mhmr update [39m[2m/src/index.css, /src/components/results/ResultVideoCard.tsx[22m
[2m4:09:53 PM[22m [36m[1m[vite][22m[39m [90m[2m(client)[22m[39m [32mhmr update [39m[2m/src/pages/ResultPage.tsx, /src/index.css[22m
[2m4:09:53 PM[22m [36m[1m[vite][22m[39m [90m[2m(client)[22m[39m [32mhmr update [39m[2m/src/pages/DouyinReupPage.tsx, /src/index.css[22m
[2m4:10:10 PM[22m [36m[1m[vite][22m[39m [90m[2m(client)[22m[39m [32mhmr update [39m[2m/src/components/results/ResultVideoPreviewModal.tsx, /src/index.css[22m
[2m4:15:32 PM[22m [36m[1m[vite][22m[39m [90m[2m(client)[22m[39m [32mhmr update [39m[2m/src/pages/DouyinReupPage.tsx, /src/index.css[22m
[2m4:15:32 PM[22m [36m[1m[vite][22m[39m [90m[2m(client)[22m[39m [32mhmr update [39m[2m/src/layouts/StudioLayout.tsx, /src/index.css[22m
[2m4:15:55 PM[22m [36m[1m[vite][22m[39m [90m[2m(client)[22m[39m [32mhmr update [39m[2m/src/index.css, /src/components/settings/LocalAppSettingsCard.tsx[22m
[2m4:32:40 PM[22m [36m[1m[vite][22m[39m [90m[2m(client)[22m[39m [32mhmr update [39m[2m/src/index.css, /src/pages/CreateProjectPage.tsx, /src/pages/RenderQueuePage.tsx, /src/pages/OutputReviewPage.tsx, /src/pages/AppSettingsPage.tsx, /src/pages/ProjectAssetsPage.tsx, /src/pages/PromptPackPage.tsx, /src/pages/ImportInboxPage.tsx, /src/pages/SourceMediaManagerPage.tsx, /src/pages/SubtitleReviewPage.tsx, /src/pages/ContentManagerPage.tsx, /src/pages/DouyinReupPage.tsx, /src/pages/RenderSettingsPage.tsx, /src/components/productImport/ProductInfoImporter.tsx, /src/components/PathInput.tsx, /src/components/visualStyle/VisualStyleSelector.tsx, /src/components/productAssets/ProductAssetSelector.tsx, /src/components/ResultList.tsx, /src/components/silent/SilentPlanPreview.tsx, /src/pages/ResultPage.tsx, /src/components/results/ResultQAPanel.tsx, /src/components/results/ResultVideoCard.tsx, /src/pages/DashboardPage.tsx, /src/layouts/StudioLayout.tsx, /src/pages/OnboardingPage.tsx, /src/pages/SettingsPage.tsx, /src/components/results/ResultVideoPreviewModal.tsx[22m
[2m4:32:40 PM[22m [36m[1m[vite][22m[39m [90m[2m(client)[22m[39m [32mhmr update [39m[2m/src/index.css, /src/components/settings/AdvancedTechnicalSettings.tsx[22m
[2m4:32:40 PM[22m [36m[1m[vite][22m[39m [90m[2m(client)[22m[39m [32mhmr update [39m[2m/src/index.css, /src/components/settings/LocalAppSettingsCard.tsx, /src/pages/DouyinReupPage.tsx, /src/pages/ResultPage.tsx[22m
[2m4:32:40 PM[22m [36m[1m[vite][22m[39m [90m[2m(client)[22m[39m [32mhmr update [39m[2m/src/index.css, /src/pages/DashboardPage.tsx, /src/layouts/StudioLayout.tsx, /src/pages/OnboardingPage.tsx, /src/pages/SettingsPage.tsx[22m
[2m4:32:40 PM[22m [36m[1m[vite][22m[39m [32m.env.development changed, restarting server...[39m
[2m4:32:40 PM[22m [36m[1m[vite][22m[39m server restarted.
[2m4:37:19 PM[22m [36m[1m[vite][22m[39m [32mvite.config.js changed, restarting server...[39m
[2m4:37:19 PM[22m [36m[1m[vite][22m[39m server restarted.
